INFO [2018-10-29 17:36:46] [[1]]
INFO [2018-10-29 17:36:46] rs_venn_rice
INFO [2018-10-29 17:36:46] 
INFO [2018-10-29 17:36:46] $filename
INFO [2018-10-29 17:36:46] [1] "~/RMB/SoilDomestication/Figures/Figure3/r_rs_venn.svg"
INFO [2018-10-29 17:36:46] 
INFO [2018-10-29 17:36:46] $imagetype
INFO [2018-10-29 17:36:46] [1] "svg"
INFO [2018-10-29 17:36:46] 
INFO [2018-10-29 17:36:46] $height
INFO [2018-10-29 17:36:46] [1] 2
INFO [2018-10-29 17:36:46] 
INFO [2018-10-29 17:36:46] $width
INFO [2018-10-29 17:36:46] [1] 2
INFO [2018-10-29 17:36:46] 
INFO [2018-10-29 17:36:46] $euler.d
INFO [2018-10-29 17:36:46] T
INFO [2018-10-29 17:36:46] 
INFO [2018-10-29 17:36:46] $fill
INFO [2018-10-29 17:36:46] c("darkorange1", "steelblue", "orchid4")
INFO [2018-10-29 17:36:46] 
INFO [2018-10-29 17:36:46] $alpha
INFO [2018-10-29 17:36:46] rep(0.3, 3)
INFO [2018-10-29 17:36:46] 
INFO [2018-10-29 17:36:46] $lwd
INFO [2018-10-29 17:36:46] [1] 0
INFO [2018-10-29 17:36:46] 
INFO [2018-10-29 17:36:46] $category.names
INFO [2018-10-29 17:36:46] c("", "", "")
INFO [2018-10-29 17:36:46] 
