INFO [2018-10-29 17:36:47] [[1]]
INFO [2018-10-29 17:36:47] rs_venn_weed
INFO [2018-10-29 17:36:47] 
INFO [2018-10-29 17:36:47] $filename
INFO [2018-10-29 17:36:47] [1] "~/RMB/SoilDomestication/Figures/Figure3/w_rs_venn.svg"
INFO [2018-10-29 17:36:47] 
INFO [2018-10-29 17:36:47] $imagetype
INFO [2018-10-29 17:36:47] [1] "svg"
INFO [2018-10-29 17:36:47] 
INFO [2018-10-29 17:36:47] $height
INFO [2018-10-29 17:36:47] [1] 2
INFO [2018-10-29 17:36:47] 
INFO [2018-10-29 17:36:47] $width
INFO [2018-10-29 17:36:47] [1] 2
INFO [2018-10-29 17:36:47] 
INFO [2018-10-29 17:36:47] $euler.d
INFO [2018-10-29 17:36:47] T
INFO [2018-10-29 17:36:47] 
INFO [2018-10-29 17:36:47] $fill
INFO [2018-10-29 17:36:47] c("darkorange1", "steelblue", "orchid4")
INFO [2018-10-29 17:36:47] 
INFO [2018-10-29 17:36:47] $alpha
INFO [2018-10-29 17:36:47] rep(0.3, 3)
INFO [2018-10-29 17:36:47] 
INFO [2018-10-29 17:36:47] $lwd
INFO [2018-10-29 17:36:47] [1] 0
INFO [2018-10-29 17:36:47] 
INFO [2018-10-29 17:36:47] $category.names
INFO [2018-10-29 17:36:47] c("", "", "")
INFO [2018-10-29 17:36:47] 
